november 2023
10<a href="https://maindragmusic.com/collections/live-at-main-drag/products/11-10-2023-plus-minus-light-beams-zwei-null-zwei">main drag</a> (brooklyn, ny) w / Light Beams / Zwei Null Zwei
11<a href="https://www.fernandopintopresents.com/events/plus-minus-zwei-null-zwei-corpse-flower">Scottish Daves Pub </a> (clinton, ct) w / Zwei Null Zwei / Corpse Flower
march 2022
16<a href="https://goo.gl/maps/cHCFsdZFBUMNkCic8">hole in the wall</a> (austin, tx) <a href="https://www.chickenranchrecords.com/sxsw">chicken ranch records sxsw day party</a>
17<a href="https://goo.gl/maps/JoM5c6crYgXjidodA">the side bar</a> (austin, tx) <a href="https://www.eventbrite.com/e/hipster-robots-2022-tickets-289505487707?aff=erelpanelorg">hipster robots sxsw day party</a>
17<a href="https://goo.gl/maps/pzrYL3yfwhDLqdqm8">green jay</a> (austin, tx) <a href="https://schedule.sxsw.com/2022/events/MS53273">ernest jenning record co sxsw showcase</a>
18<a href="https://g.page/captain-quackenbush-s-coffeehous?share">soundspace at captain quacks</a> (austin, tx) peculiar works "human delight" sxsw day party
19<a href="https://goo.gl/maps/AyiCW6ETZHHF7Tmk9">bobos snack bar</a> (austin, tx) <a href="https://www.eventbrite.com/e/sxsnackbar-2022-tickets-292158302347">sxsnack bar day party</a>
august 2019
25<a href="http://www.spacelandpresents.com/event/1880774-versus-plus-minus-los-angeles/">echoplex</a> (los angeles, ca) w/ versus
26<a href="http://www.bottomofthehill.com/">bottom of the hill</a> (san francisco, ca) w/ versus and the wild kindness
28<a href="https://www.dougfirlounge.com">doug fir</a> (portand, or) w/ versus
29<a href="http://www.hotelalbatross.com/">hotel albatross</a> (seattle, wa) w/ versus
april 2018
13<a href="https://www.theboweryelectric.com/">bowery electric</a> (new york, ny) w/ <a href="https://www.facebook.com/Great-Lakes-127699500611431/">great lakes (record release)</a> and vaze
may 2017
13<a href="http://www.alphavillebk.com/">alphaville</a> (brooklyn, ny) w/ <a href="http://www.deadleafechonyc.com/">dead leaf echo (record release)</a> and <a href="https://infinitygirl.bandcamp.com/">infinity girl</a>
february 2017
10<a href="http://www.union-pool.com/">union pool</a> (brooklyn, ny) w/ <a href="http://jakerock.com/">jason loewenstein band</a> and <a href="https://www.facebook.com/flowernyc/">flower</a>
18<a href="http://www.r-varit.net/">varit</a> (roppongi, tokyo, japan) w/ <a href="http://www.toddle.to/">toddle</a> and <a href="http://myletterkyoto.tumblr.com/">my letter</a>
19<a href="http://meropochi.web.fc2.com/">bambi</a> (kanazawa, japan) w/ <a href="http://music.geocities.jp/noid_4/">noid</a> and <a href="http://bignothing.net/oldeworlde.html">olde worlde</a> and more!
20<a href="http://www.conpass.jp/">conpass</a> (osaka, japan) w/ <a href="http://www.toddle.to/">toddle</a> and <a href="http://www.thespringsummer.net/">TheSpringSummer</a> and more!
21<a href="http://www.metro.ne.jp/">metro</a> (kyoto, japan) w/ <a href="http://www.toddle.to/">toddle</a> and <a href="http://nhhmamoru.wixsite.com/team-mamoru">mamoru & the critical hits</a>
22<a href="http://huckfinn.co.jp/">huck finn</a> (nagoya, japan) w/ <a href="http://asiangothic.org/">the band apart (naked)</a> and <a href="http://sosite-hine.com/">sosite</a>
23<a href="http://www.zeroproject.jp/alecx/">alecx</a> (matsumoto, japan) w/ <a href="http://www.toddle.to/">toddle</a> and <a href="https://bearsmarkin.com/">bears markin'</a>
24<a href="http://shibuya-o.com/">o-nest</a> (shibuya, tokyo, japan) w/ <a href="http://www.moools.com/">moools</a> and <a href="https://twitter.com/imoriyatomanabu">imoriya & manabu</a>
january 2016
22<a href="http://www.therockshopny.com/">the rock shop</a> (brooklyn, ny) w/ <a href="https://www.facebook.com/Great-Lakes-127699500611431/">great lakes</a> and <a href="http://www.shannonmcardlemusic.com/">shannon mcardle</a>
june 2014
13<a href="http://cake-shop.com/">cake shop</a> (new york, ny) benefit show for the <a href="http://www.goshir.org/">new york tsurphu goshir dharma center</a> w <a href="http://flowernyc.bandcamp.com/">flower</a> and more!
february 2014
07<a href="http://www.mercuryloungenyc.com/">mercury lounge</a> (new york, ny) record release show! w/ <a href="https://www.facebook.com/HeavenbandNYC">heaven</a>. doors 10:30!
november 2011
04<a href="http://www.littlefieldnyc.com/event/71515/">littlefield</a> (brooklyn, ny) w/ <a href="http://www.myspace.com/abigyesandasmallno">a big yes and a small no (record release)</a> and <a href="http://theropesmusic.com/">the ropes</a>
october 2011
21<a href="http://www.therockshopny.com/">the rock shop</a> (brooklyn,  ny) w/ nicodemus agency cmj showcase w/ <a href="http://www.myspace.com/mastersofthehemisphere">masters of the hemisphere</a>, <a href="http://www.hallelujahthehills.com/">hallelujah the hills</a> and more!
october 2010
22<a href="http://www.therockshopny.com/">the rock shop</a> (brooklyn, ny) w/ <a href="http://www.myspace.com/pomegranatesart">pomegranates</a>, <a href="http://www.myspace.com/santahhh">santah</a>, <a href="http://www.denisonwitmer.com/">denison whitmer</a>, <a href="http://www.myspace.com/davedondero/">david dondero</a>
september 2010
25<a href="http://www.mpmf.com/">midpoint music fest</a> (cincinnati, oh) <a href="http://www.mpmf.com/">midpoint music fest</a>
24<a href="http://www.thecuart.com/">the art theater</a> (urbana, il) <a href="http://2010.pygmalionmusicfestival.com/">pygmalion music festival</a>
23<a href="http://madisonfrequency.com/">the frequency</a> (madison, wi) w/ <a href="http://www.myspace.com/meridene">meridene</a> and <a href="http://www.myspace.com/pushmipullyumusic">pushmi pullyu</a>
22<a href="http://www.emptybottle.com/home.html">the empty bottle</a> (chicago, il) w/ <a href="http://www.myspace.com/softspeaker">soft speaker</a> and <a href="http://www.myspace.com/likepioneers">like pioneers</a>
21<a href="http://treehousecolumbus.com/">the treehouse</a> (columbus, oh) w/ <a href="http://www.myspace.com/brainbowband">brainbow</a>
20<a href="http://www.lemongrovecafe.com/">lemon grove cafe</a> (youngstown, oh) w/ <a href="http://www.myspace.com/gossipculture">gossip culture</a>, <a href="http://www.myspace.com/deathcrazedteenager">chris splain</a>, and <a href="http://www.myspace.com/samgoodwill">sam goodwill</a>
19<a href="http://www.iotaclubandcafe.com/">iota</a> (arlington, va) w/ <a href="http://www.myspace.com/heyarbore">hey arbore</a>
18<a href="http://www.themanhattanroom.com/">the m room</a> (philadelphia, pa) w/ <a href="http://www.audibleband.com/">audible</a>
17<a href="http://www.mercuryloungenyc.com/">mercury lounge</a> (new york city, ny) w/ <a href="http://www.hallelujahthehills.com/">hallelujah the hills</a>
december 2009
18<a href="http://www.facebook.com/group.html?gid=6634001801">encore [formerly embassy]</a> (manila, taguig city, philippines) w/ <a href="http://www.myspace.com/manilasandwich">sandwich</a>
16<a href="http://www.kittywurecords.com/">home club</a> (singapore, singapore) w/ <a href="http://www.myspace.com/amateurtakescontrol">amatuer takes control</a>
14<a href="http://www.shibuya-o.com/o-nest.htmll">shibuya o-nest</a> (tokyo, japan) w/ <a href="http://www.yomoya.info/">yomoya</a>
13<a href="http://www.fever-popo.com/">fever</a> (tokyo, japan) w/ <a href="http://www.moools.com/">moools</a>, <a href="http://music.geocities.jp/highered_girl/pc/index.htmll">highered girl</a>
11<a href="http://sendai.cool.ne.jp/flyingstudio/">flying studio</a> (sendai, japan) w/ <a href="http://www.bloodthirsty-butchers.com/">bloodthirsty butchers</a>, <a href="http://www.moools.com/">moools</a>
09<a href="http://www.tokuzo.com/">tokuzo</a> (nagoya, japan) w/ <a href="http://toddle.to/">toddle</a>, <a href="http://www.last.fm/music/cinema+staff">cinema staff</a>
08<a href="http://www.sunsui.net/">sunsui</a> (osaka, japan) w/ <a href="http://toddle.to/">toddle</a>, fluid
07<a href="http://www.kiethflack.net/">keith flack</a> (fukuoka, japan) w/ <a href="http://www.myspace.com/autumnleafmusic">autumnleaf</a>, tba
05<a href="http://office.kbs.co.kr/kbshall/">kbs hall</a> (kyoto, japan) w/ <a href="http://www.miyakomusic.com/">miyako music festival</a> w/ <a href="http://toddle.to/">toddle</a>, <a href="http://www.moools.com/">moools</a> and more.
04social (kanazawa, japan) w/ asuna, emi
03gt.moo gallery (niigata, japan) w/ fort wayne, tba
02<a href="http://www.zeroproject.jp/alecx/">alecx</a> (matsumoto, japan) w/ <a href="http://toddle.to/">toddle</a>, mant
november 2009
29spiritual lounge (sapporo, japan) w/ <a href="http://www.myspace.com/discharmingman">discharming man</a>, <a href="http://www.qodibop.com/">qodibop</a>, was
13<a href="http://ny.knittingfactory.com/index.html">knitting factory</a> (brooklyn, ny) teenbeat night 09 w/<a href="http://www.versus-ny.co.uk/">versus</a>, <a href="http://myspace.com/ciudad">ciudad</a>, <a href="http://myspace.com/thesolitarycyclist">solitary cyclist</a>, <a href="http://myspace.com/cottoncandyteenbeat">cotton candy</a>
july 2009
18<a href="http://www.hafen2.net/">hafen 2</a> (offenbach, germany) 
17<a href="http://www.obstwiesenfestival.de/">obstwiesen festival</a> (dornstadt, germany) 
16<a href="http://www.babalu-muenchen.de/">babalu</a> (meunchen, germany) 
15<a href="http://www.dqliq.com/dqliq/home.htmll">d:qliq</a> (luxembourg (city), luxembourg) 
14<a href="http://www.club-schocken.de/">schocken</a> (stuttgart, germany) 
13<a href="http://www.klub007strahov.cz/">klub 007</a> (prague, czech republic) 
12<a href="http://www.liveatdot.com/">dot club</a> (berlin, germany) 
11<a href="http://www.lapampafestival.de/">la pampa festival</a> (görlitz, germany) w/ <a href="http://www.notwist.com/">the notwist</a> and more.
10<a href="http://www.mauclub.de/index.html?">mau club</a> (rostock, germany) 
09<a href="http://www.drucklufthaus.de/">druckluft</a> (oberhausen, germany) 
08<a href="http://www.nouveaucasino.net/">nouveau casino</a> (paris, france) w/ <a href="http://www.myspace.com/whyanticon">why?</a>
june 2009
18<a href="http://www.mercuryloungenyc.com/">mercury lounge</a> (new york, ny) w/ <a href="http://www.versus-ny.co.uk/">versus</a>, <a href="http://www.gramercyarms.co.uk/">gramercy arms</a>, and <a href="http://www.myspace.com/mascott">mascott</a>
april 2009
25<a href="http://www.mit.edu/">mit</a> (cambridge, ma) <a href="http://wmbr.org/spring/">wmbr spring weekend 2009</a> free show in front of kresge auditorium. +/- on at 6.
march 2009
20<a href="http://theparloraustin.com/">the parlor</a> north loop (austin, tx) msxs party +/- on at 6:00
19<a href="http://www.yelp.com/biz/prague-austin">prague</a> (austin, tx) <a href="http://absolutelykosher.com/">absolutely kosher</a> sxsw showcase w/ <a href="http://www.wrens.com/">the wrens</a>, <a href="http://www.sybrismusic.com/">sybris</a>, and <a href="http://www.azedabooth.com/">azeda booth</a>
18<a href="http://www.rainbowcattleco.com/">rainbow cattle co.</a> (austin, tx) <a href="http://www.chickenranchrecords.com/">chicken ranch records</a> party w/ <a href="http://www.loudestboombahyea.com/">loudest boom bah yea</a> and more! +/- on at 7:15
18<a href="http://www.waterloorecords.com/">waterloo records</a> (austin, tx) leonard cohen party! +/- on at 5:50PM
january 2009
31<a href="http://www.bilinguaclub.ru/">bilingua club</a> (moscow, russia) w/ <a href="http://www.lastfm.ru/music/777minus111">777 - 111</a> and <a href="http://www.myspace.com/moremoneyband">more money</a>
30<a href="http://www.zalclub.com/">zal ozhidania</a> (st. petersburg, russia) w/ <a href="http://www.myspace.com/loudestboombahyea">loudest boom bah yea</a>
29<a href="http://www.so36.de/konz.htmll">so36</a> (berlin, germany) w/ <a href="http://www.myspace.com/loudestboombahyea">loudest boom bah yea</a>
28<a href="http://www.knusthamburg.de/">knust</a> (hamburg, germany) w/ <a href="http://www.jersey-music.com/">jersey</a>
27<a href="http://www.gleis22.de/index_noflash.html">gleiss 22</a> (munster, germany) w/ <a href="http://www.myspace.com/loudestboombahyea">loudest boom bah yea</a> and <a href="http://www.myspace.com/luctone">luctone</a>
26<a href="http://www.vortex-club.de/">vortex club</a> (siegen, germany) w/ <a href="http://www.myspace.com/loudestboombahyea">loudest boom bah yea</a>
25<a href="http://www.musikbunker-aachen.de/">musikbunker</a> (aachen, germany) w/ <a href="http://www.jersey-music.com/">jersey</a> and <a href="http://www.myspace.com/loudestboombahyea">loudest boom bah yea</a>
24<a href="http://www.zumteufel.net/">teufel</a> (heidelberg, germany) w/ <a href="http://www.myspace.com/loudestboombahyea">loudest boom bah yea</a>
23<a href="http://feierwerk.de/">feierwerk</a> (meunchen, germany) w/ <a href="http://www.myspace.com/loudestboombahyea">loudest boom bah yea</a>
22<a href="http://www.gebaeude9.de/">gebäude 9</a> (köln, germany) w/ <a href="http://www.jersey-music.com/">jersey</a> and <a href="http://www.myspace.com/loudestboombahyea">loudest boom bah yea</a>
21<a href="http://www.beatpol.de/">beatpol</a> (dresden, germany) w/ <a href="http://www.myspace.com/loudestboombahyea">loudest boom bah yea</a>
20<a href="http://www.musikverein-concerts.de/">k4</a> (nuremberg, germany) w/ <a href="http://www.myspace.com/loudestboombahyea">loudest boom bah yea</a>
19<a href="http://www.arena.co.at/">arena</a> (wien, austria) w/ <a href="http://www.myspace.com/loudestboombahyea">loudest boom bah yea</a>
18<a href="http://www.fleda.cz/">fleda</a> (brno, czech republic) w/ <a href="http://www.myspace.com/loudestboombahyea">loudest boom bah yea</a>
17<a href="http://www.debaser.se/kalender/malmo/">debaser</a> (malmö, sweden) w/ <a href="http://www.myspace.com/loudestboombahyea">loudest boom bah yea</a>
16<a href="http://www.cafemono.no/">mono</a> (oslo, norway) w/ <a href="http://www.myspace.com/loudestboombahyea">loudest boom bah yea</a>
december 2008
18<a href="http://www.musichallofwilliamsburg.com/">music hall of williamsburg</a> (brooklyn, ny) w/ <a href="http://www.myspace.com/patternismovement">pattern is movement</a>, <a href="http://www.theladybugtransistor.com/">the ladybug transistor</a> and <a href="http://www.myspace.com/ininterview">in interview</a>
13<a href="http://www.mideastclub.com/">middle east (upstairs)</a> (cambridge, ma) w/ <a href="http://www.myspace.com/meancreek">mean creak</a>, <a href="http://www.myspace.com/thecottonjonesbasketride">cotton jones</a> and <a href="http://www.myspace.com/teenbeat413">cotton candy</a>
november 2008
08<a href="http://www.magnet.com.ph/">mag:net bonifacio high st.</a> (makati city, philippines) w/ <a href="http://www.versus-ny.co.uk/">versus</a> (solo), <a href="http://www.last.fm/music/Us-2+Evil-0">us-2 evil-0</a> and <a href="http://www.myspace.com/boldstartheband">boldstar</a>
07<a href="http://www.drivenmanila.com/">warehouse 135</a> (makati city, philippines) w/ <a href="http://www.versus-ny.co.uk/">versus</a> (solo), <a href="http://angbandangshirley.multiply.com/">ang bandang shirley</a>, <a href="http://www.myspace.com/ciudad">ciudad</a>, and <a href="http://www.myspace.com/takenbycars">taken by cars</a>
07<a href="http://www.trinomaexperience.com/">trinoma park</a> (quezon city, philippines) w/ <a href="http://angbandangshirley.multiply.com/">ang bandang shirley</a> and <a href="http://www.updharmadown.com/">up dharma down</a> (semi-acoustic day show 5pm)
02<a href="http://www.thewall.com.tw/">the wall</a> (taipei, taiwan) w/ <a href="http://www.bloodthirsty-butchers.com/">bloodthirsty butchers</a>, <a href="http://www.nhhmbase.com/">nhhmbase</a> and <a href="http://www.moools.com/">moools</a>
01ATT (kaohsiung, taiwan) w/ <a href="http://www.bloodthirsty-butchers.com/">bloodthirsty butchers</a>, <a href="http://www.nhhmbase.com/">nhhmbase</a> and <a href="http://www.moools.com/">moools </a>
october 2008
30<a href="http://www.metro.ne.jp/">metro</a> (kyoto, japan) w/ <a href="http://www.versus-ny.co.uk/">versus</a>, <a href="http://www.moools.com/">moools</a> and <a href="http://www.loves-or-not.com/">aiha higurashi and loves</a>
29<a href="http://www.tokuzo.com/">tokuzo</a> (nagoya, japan) w/ <a href="http://www.versus-ny.co.uk/">versus</a>, <a href="http://www.moools.com/">moools</a>, and <a href="http://music-space.ddo.jp/~yoma/top.shtml">yo-ma</a>
28<a href="http://www.zeroproject.jp/alecx/">alecx</a> (matsumoto, japan) w/ <a href="http://www.versus-ny.co.uk/">versus</a>, <a href="http://www.moools.com/">moools</a>, and <a href="http://tate.navelfactory.jp/">tatako tate</a>
27<a href="http://shibuya-o.com/category/west/">o-west</a> (shibuya, tokyo, japan) &amp; records fifth anniversary w/ <a href="http://www.bloodthirsty-butchers.com/">bloodthirsty butchers</a>, <a href="http://www.nhhmbase.com/">nhhmbase</a> and <a href="http://www.asiangothic.org/band/">the band apart</a>
26<a href="http://www.shibuya-o.com/o-nest.htmll">o-nest</a> (shibuya, tokyo, japan) w/ <a href="http://www.versus-ny.co.uk/">versus</a>, <a href="http://www.moools.com/">moools</a> and <a href="http://www.yomoya.info/">yomoya</a>
25<a href="http://www.sandinista.jp/">sandinista</a> (yamagata, japan) w/ <a href="http://www.versus-ny.co.uk/">versus</a>, <a href="http://www.moools.com/">moools</a>, and <a href="http://www.zombie-forever.com/qurage.html">quarage</a>
24<a href="http://www.shibuya-o.com/o-nest.htmll">o-nest</a> (shibuya, tokyo, japan) +/- members play solo! w/ <a href="http://www.versus-ny.co.uk/">versus</a> (headliner), <a href="http://toddle.to/">toddle</a> and <a href="http://www.bloodthirsty-butchers.com/">hideki yoshimura</a>
august 2008
16<a href="http://www.mideastclub.com/">middle east (upstairs)</a> (cambridge, ma) w/ <a href="http://www.brokenriverprophet.com/">broken river prophet</a> (cd release!), <a href="http://www.animalhospitalmusic.com/">animal hospital</a>, and <a href="http://www.myspace.com/bahnahnahz">ba-na-nas</a>
15<a href="http://www.mercuryloungenyc.com/">mercury lounge</a> (new york city, ny) w/ <a href="http://www.hymnsband.com/">hymns</a>, <a href="http://www.bridgesandpowerlines.com/">bridges and powerlines</a>, and <a href="http://www.myspace.com/loudestboombahyea">loudest boom bah yea</a>
september 2007
29<a href="http://www.mideastclub.com/">middle east upstairs</a> (boston, ma) w/ <a href="http://www.myspace.com/sleepyheadrockband">sleepyhead</a>, <a href="http://www.moools.com/">moools</a>, and <a href="http://www.brokenriverprophet.com/">broken river prophet</a>
28<a href="http://knittingfactory.com/">knitting factory</a> (new york, ny) w/ <a href="http://www.moools.com/">moools</a>
27<a href="http://www.myspace.com/rockandrollhotel">rock and roll hotel</a> (washington, dc) w/ <a href="http://www.moools.com/">moools</a> and <a href="http://www.myspace.com/dawnofmandc">dawn of man</a>
june 2007
24<a href="http://www.thepoolparties.com/">mccarren park pool</a> (brooklyn, ny) w/ <a href="http://www.superchunk.com/">superchunk</a> and <a href="http://www.oakleyhall.net/site/">oakley hall</a> -&gt; rsvp <a href="http://newyork.going.com/invite-4838">here</a>
02<a href="http://www.cafe-glocksee.de/index.html3">glocksee</a> (hannover, germany) 
01<a href="http://www.vortex-club.com/cms/index.html">vortex club</a> (sigen, germany) w/ erdbeertortchen
may 2007
31<a href="http://www.rotari.de/hafen2/">hafen 2</a> (offenbach, germany) w/ sushi mob
30<a href="http://www.exhaus.de/">exhaus</a> (trier, germany) 
29<a href="http://www.musikverein-concerts.de/">k4</a> (nürnberg, germany) w/ <a href="http://www.morawk.com/boris/">someone still loves you boris yeltsin</a>
27<a href="http://www.arena.co.at/AWU/">arena</a> (wien, austria) w/ <a href="http://www.arts-crafts.ca/apostleofhustle/index2.htmll">apostle of hustle</a>
26<a href="http://www.frikulum.at/swf/">seewiesenfest</a> (kleinreifling, austria) 
25<a href="http://www.schlachthof-wiesbaden.de/">schlachthof</a> (wiesbaden, germany) w/ <a href="http://www.morawk.com/boris/">someone still loves you boris yeltsin</a> and <a href="http://www.surrounded.se/">surrounded</a>
24<a href="http://www.karlstorbahnhof.de/">karlstorbahnhof</a> (heidelberg, germany) 
23<a href="http://www.muk-giessen.de/">muk</a> (gießen, germany) w/ <a href="http://www.surrounded.se/">surrounded</a> and mon petit chou chou
22<a href="http://www.utconnewitz.de/was.html">ut connewitz</a> (leipzig, germany) w/ <a href="http://www.rivulets.net/">rivulets</a>
21<a href="http://www.karreraklub.de/lido/index.html?option=com_content&amp;task=view&amp;id=4">lido</a> (berlin, germany) 
20<a href="http://www.knusthamburg.de/">knust</a> (hamburg, germany) w/ computer
19<a href="http://www.paradiso.nl/index2.html">paradiso</a> (amsterdam, netherlands) 
18<a href="http://www.w2.nl/">w2</a> (den bosch, netherlands) w/ <a href="http://www.absyntheminded.be/">absynthe minded</a>
17<a href="http://www.fzw.de/">fzw</a> (dortmund, germany) w/ <a href="http://www.danja-atari.com/">danja atari</a>
16<a href="http://www.tsunami-club.de/">tsunami</a> (köln, germany) 
march 2007
30<a href="http://www.mercuryloungenyc.com/">mercury lounge</a> (new york, ny) w/ <a href="http://www.bishopallen.com/">bishop allen</a> and <a href="http://www.sayhitoyourmom.com/">say hi to your mom</a>
29<a href="http://www.unionhallny.com/">union hall</a> (brooklyn, ny) w/ <a href="http://www.bishopallen.com/">bishop allen</a> and <a href="http://www.sayhitoyourmom.com/">say hi to your mom</a>
28<a href="http://www.northstarbar.com/">northstar bar</a> (philadelphia, pa) w/ <a href="http://www.bishopallen.com/">bishop allen</a> and <a href="http://www.sayhitoyourmom.com/">say hi to your mom</a>
27<a href="http://www.myspace.com/rockandrollhotel">rock and roll hotel</a> (washington, dc) w/ <a href="http://www.bishopallen.com/">bishop allen</a> and <a href="http://www.sayhitoyourmom.com/">say hi to your mom</a>
26<a href="http://www.satelliteballroom.com/">satellite ballroom</a> (charlottesville, va) w/ <a href="http://www.bishopallen.com/">bishop allen</a> and <a href="http://www.sayhitoyourmom.com/">say hi to your mom</a>
25<a href="http://www.myspace.com/bellafesta">bella festa</a> (wilmington, nc) w/ <a href="http://www.bishopallen.com/">bishop allen</a> and <a href="http://www.sayhitoyourmom.com/">say hi to your mom</a>
24<a href="http://www.badearl.com/">the earl</a> (atlanta, ga) w/ <a href="http://www.bishopallen.com/">bishop allen</a> and <a href="http://www.sayhitoyourmom.com/">say hi to your mom</a>
23<a href="http://www.duke.edu/web/coffeehouse/directions.htmll">duke cofeehouse</a> (durham, nc) w/ <a href="http://www.sayhitoyourmom.com/">say hi to your mom</a>
22<a href="http://www.hitonememphis.com/">hi-tone cafe</a> (memphis, tn) w/ <a href="http://www.bishopallen.com/">bishop allen</a> and <a href="http://www.sayhitoyourmom.com/">say hi to your mom</a>
21<a href="http://www.guerilla-productions.com/spanishmoon/home.html">spanish moon</a> (baton rouge, la) w/ <a href="http://www.bishopallen.com/">bishop allen</a> and <a href="http://www.sayhitoyourmom.com/">say hi to your mom</a>
20<a href="http://www.theproletariathouston.com/">proletariat</a> (houston, tx) w/ <a href="http://www.bishopallen.com/">bishop allen</a> and <a href="http://www.sayhitoyourmom.com/">say hi to your mom</a>
17<a href="http://www.habana.com/">habana calle 6</a> (austin, tx) <a href="http://www.absolutelykosher.com/">absolutely kosher</a> <a href="http://2007.sxsw.com/">sxsw</a> showcase w/ <a href="http://www.myspace.com/frogeyes">frog eyes</a>, <a href="http://www.palomarnyc.com/">palomar</a>, and more!
16<a href="http://www.pokejos.com/">pok-e-jo's smokehouse</a> (austin, tx) <a href="http://www.absolutelykosher.com/">absolutely kosher</a>/<a href="http://mergerecords.com/">merge</a> bbq w/ <a href="http://www.therosebuds.com/">the rosebuds</a>, <a href="http://www.myspace.com/frogeyes">frog eyes</a> and more!
15<a href="http://www.myspace.com/bunkhausrecords">bunkhaus records</a> party at <a href="http://www.greenmesquite.net/">green mesquite bbq</a> (austin, tx) w/ <a href="http://www.geocities.com/fivehead_music/">fivehead</a>, <a href="http://www5a.biglobe.ne.jp/~luminous/">luminous orange</a>, and more!
15<a href="http://www.bellablueaustin.com/">bella blue</a> (austin, tx) <a href="http://kvrx.org/">kvrx</a> party w/ <a href="http://www.theladybugtransistor.com/">ladybug transistor</a>, <a href="http://www.myspace.com/sixpartsseven">six parts seven</a> and more!
13<a href="http://nashville.citysearch.com/profile/9319175/">the end</a> (nashville, tn) 
12<a href="http://www.subt.net/">subterranean</a> (chicago, il) w/ <a href="http://www.dylanposa.com/">dylan posa</a>
11<a href="http://www.andymanstreehouse.com/">andyman's tree house</a> (columbus, oh) w/ <a href="http://ericmetronome.com/">eric metronome</a> and <a href="http://www.myspace.com/burntape">blake miller</a>
02fuel lounge at <a href="http://www.dartmouth.edu/">dartmouth college</a> (hanover, nh) w/ <a href="http://www.bishopallen.com/">bishop allen</a>
december 2006
31<a href="http://www.knittingfactory.com/index.html">knitting factory</a> (new york, ny) w/ <a href="http://www.matesofstate.com/">mates of state</a>
16<a href="http://www.the-wall.com.tw/">the wall</a> (taipei, taiwan) w/ <a href="http://www.moools.com/">mools</a> and <a href="http://www.7ep.net/">kabaddi kabaddi kabaddi kabaddi</a>
14<a href="http://www.shibuya-o.com/o-nest.htmll">o-nest</a> (shibuya, tokyo, japan) w/ <a href="http://www.moools.com/">mools</a>, <a href="http://www.7ep.net/">kabaddi kabaddi kabaddi kabaddi</a> and <a href="http://www.spaceshowertv.com/DAX/nhhmbasesp.htmll">nhhmbase</a>
12<a href="http://www.zeroproject.jp/alecx/">alecx</a> (matsumoto, japan) w/ <a href="http://www.moools.com/">mools</a>, <a href="http://www.ogreyouasshole.com/">ogre, you asshole</a> and <a href="./edimaakon+mitsuru%20muraoka">p-heavy</a>
10<a href="http://www.pepperland.net/">pepperland</a> (okayama, japan) w/ <a href="http://www.moools.com/">mools</a>, edimaakon+mitsuru muraoka and bikemondo
09<a href="http://www.metro.ne.jp/">metro</a> (kyoto, japan) w/ <a href="http://www.moools.com/">mools</a> and <a href="http://www.spaceshowertv.com/DAX/nhhmbasesp.htmll">nhhmbase</a>
08<a href="http://www.tokuzo.com/">tokuzo</a> (nagoya, japan) w/ <a href="http://www.moools.com/">mools</a>, <a href="http://www.ogreyouasshole.com/">ogre, you asshole</a> and <a href="http://www.spaceshowertv.com/DAX/nhhmbasesp.htmll">nhhmbase</a>
07<a href="http://www.shibuya-o.com/o-nest.htmll">o-nest</a> (shibuya, tokyo, japan) w/ <a href="http://www.riverrun.co.jp/">bloodthirsty butchers</a> and <a href="http://www.moools.com/">mools</a>
02<a href="http://www.knittingfactory.com/index.html">knitting factory</a> (new york, ny) with <a href="http://www.the-changes.com/">the changes</a> all ages!
01<a href="http://www.mideastclub.com/">middle east upstairs</a> (boston, ma) w/ <a href="http://www.ho-ag.com/">ho-ag</a>, <a href="http://www.helmsmusic.com/">helms</a>, <a href="http://www.cinemechanica.com/">cinemechanica</a>, <a href="http://www.slendermusic.com/tristan/">tristan da cunha</a> 18+!
november 2006
30<a href="http://www.casadelpopolo.com/">casa del popolo</a> (montreal, qc) w/ <a href="http://www.the-changes.com/">the changes</a> and <a href="http://www.desirsdemodes.com/">desirs demodes</a>
29<a href="http://www.sneaky-dees.com/www/concertvenue/INDEX2.html">sneaky dee's</a> (toronto, on) w/ <a href="http://www.the-changes.com/">the changes</a> and <a href="http://www.myspace.com/thesharptongues">the sharp tongues</a> 19+ FREE!
28<a href="http://www.lagerhousedetroit.com/">lager house</a> (detroit, mi) w/ <a href="http://www.the-changes.com/">the changes</a>
26<a href="http://www.intersectionlive.com/">the intersection</a> (grand rapids, mi) w/ <a href="http://www.the-changes.com/">the changes</a> and <a href="http://www.myspace.com/comlag">comlag</a> 18+!
25<a href="http://www.schubas.com/">schuba's tavern</a> (chicago, il) w/ <a href="http://www.the-changes.com/">the changes</a> (late show) 21+
25<a href="http://www.schubas.com/">schuba's tavern</a> (chicago, il) w/ <a href="http://www.the-changes.com/">the changes</a> (early show) all ages!
24<a href="http://www.first-avenue.com/">seventh street entry</a> (minneapolis, mn) w/ <a href="http://www.the-changes.com/">the changes</a> and <a href="http://www.duplomacy.com/">duplomacy</a>
21<a href="http://www.thecrocodile.com/">crocodile cafe</a> (seattle, wa) w/ welcome and <a href="http://www.theseanavy.com/">the sea navy</a>
20<a href="http://www.townelounge.com/">towne lounge</a> (portland, or) w/ <a href="http://www.myspace.com/parksandrecreation">parks &amp; recreation</a> and <a href="http://myspace.com/amoradnauseum">aan</a>
17<a href="http://www.bottomofthehill.com/">bottom of the hill</a> (san francisco, ca) w/ <a href="http://www.thebandirving.com/">irving</a> and <a href="http://www.whysall-lane.com/">whysall lane</a>
16<a href="http://www.clubspaceland.com/">spaceland</a> (los angeles, ca) w/ <a href="http://www.thebandirving.com/">irving</a>
15<a href="http://www.plushtucson.com/">plush</a> (tucson, az) w/ <a href="http://www.thebandirving.com/">irving</a>
14<a href="http://www.modified.org/">modified arts</a> (phoenix, az) w/ <a href="http://www.thebandirving.com/">irving</a>
13<a href="http://www.launchpadrocks.com/">launch pad</a> (albuquerque, nm) w/ <a href="http://www.thebandirving.com/">irving</a>
11<a href="http://www.austinmusichall.com/">austin music hall</a> (austin, tx) <a href="http://stitchaustin.com/">stitch 2006</a> w/ <a href="http://www.thebandirving.com/">irving</a>
10<a href="http://www.haileysclub.com/">hailey's</a> (denton, tx) w/ <a href="http://www.thebandirving.com/">irving</a> and <a href="http://www.myspace.com/loudestboombahyea">loudest boom bah yea</a>
09<a href="http://www.stickyfingerz.com/">sticky fingerz chicken shack</a> (little rock, ar) w/ <a href="http://www.thebandirving.com/">irving</a>
08<a href="http://www.myspace.com/bottletreecafe">bottle tree cafe</a> (birmingham, al) w/ <a href="http://www.beyourownpet.net/">be your own pet</a>, <a href="http://www.thebandirving.com/">irving</a> and <a href="http://www.myspace.com/awesomecolor">awesome color</a>
07<a href="http://www.badearl.com/">the earl</a> (atlanta, ga) w/ <a href="http://www.thebandirving.com/">irving</a> and <a href="http://www.thetyde.com/">the tyde</a>
06<a href="http://www.themaproom.net/">the map room</a> (charleston, sc) w/ allswell
05<a href="http://www.kingsbarcade.com/">kings barcade</a> (raliegh, nc) w/ the places, <a href="http://www.patternismovement.com/">pattern is movement</a> and <a href="http://www.myspace.com/megafaun">megafaun</a>
01<a href="http://randrnyc.com/">r &amp; r</a> (new york city, ny) <a href="http://www.absolutelykosher.com/">absolutely kosher records</a> showcase at <a href="http://www.cmj.com/">cmj 2006</a>
01<a href="http://www.kexp.org/">kexp</a> live from nyc at <a href="http://www.giganticstudio.com/main.htmll">gigantic studios</a> (new york, ny) live on the air! 10:00AM EST
october 2006
28<a href="http://www.blackcatdc.com/">the black cat</a> (washington, dc) w/ <a href="http://wrens.com/">the wrens</a> and <a href="http://www.palomartheband.com/">palomar</a>
27<a href="http://www.r5productions.com/">first unitarian church</a> (philadelphia, pa) w/ <a href="http://wrens.com/">the wrens</a> and <a href="http://www.palomartheband.com/">palomar</a>
april 2006
14north six (brooklyn, ny) w/ say hi to your mom and hymns
01knitting factory la (los angeles, ca) w/ jason collett (broken social scene) and tim rutili (califone)
march 2006
30noise pop 2006 at bottom of the hill (san francisco, ca) w/ her space holiday, loquat and more...
18porchlight pop fest at mother egan's irish pub (austin, tx) w/ swearing at motorists, head of femur, fivehead, and more...
16homeslice pizza (austin, tx) w/ luminous orange, zykos, irving, glass family and more...
15sxsw at friends bar (austin, tx) w/ zykos, sam champion, the giraffes, standing waves and tartufi
december 2005
04ax (shibuya, tokyo) w/ bloodthirsty butchers, the band apart, mock orange
02o-nest (shibuya, tokyo) w/ loves, dj hideki kobayashi
01big cat (osaka, japan) w/ bloodthirsty butchers, the band apart, mock orange
november 2005
29quattro (nagoya, japan) w/ bloodthirsty butchers, the band apart, mock orange
28alecx (matsumoto, japan) w/ bloodthirsty butchers, the band apart, mock orange
25junk box (sendai, japan) w/ bloodthirsty butchers, the band apart, mock orange
24junk box (niigata, japan) w/ bloodthirsty butchers, the band apart, mock orange
22shelter (shimokitazawa, tokyo) w/ bloodthirsty butchers
20the wall (taipei, taipei) w/ bloodthirsty butchers
19the wall (taipei, taipei) 
10bowery ballroom (new york city, ny) w/ longwave, giant drag
september 2005
16southpaw (brooklyn, ny) cmj showcase w/ dead meadow and maserati
march 2005
19porchlight popfest (austin, tx) w/ earlimart, the natural hisotry, swearing at motorists, fivehead and more!
19sxsw at blender bar (austin, tx) w/ american analog set, i love you but i've..., stars, winter pageant, timonium
18indierect selection series @ exodus (austin, tx) w/ apollo sunshine, the glass family, decibully and more!
17hi-dive party @ copa bar (austin, tx) w/ munly, matson jones, hot iqs, formolo and more!
04falstaff's at skidmore college (saratoga springs, ny) w/ say hi to your mom, lions &amp; tigers, the octagon
february 2005
24black cat (washington, dc) teenbeat records 20th anniversary! w/ unrest, eggs, true love always, tft and jonny cohen
november 2004
23duo music exchange (shinjuku, tokyo) w/ bloodthirsty butchers, the band apart, mock orange, husking bee, lo-lite
22shimokitazawa shelter (shimokitazawa, tokyo) w/ bloodthirsty butchers
20HMV shinjuku south (shinjuku, tokyo) instore appearance!
18big cat (osaka, osaka) w/ bloodthirsty butchers, the band apart, mock orange
17pepperland (okayama, okayama) w/ bloodthirsty butchers, the band apart, mock orange
15junk box (niigata, niigata) w/ bloodthirsty butchers, the band apart, mock orange
14shibuya o-nest (shibuya, tokyo) w/ gaji, overleaf
12alecx (matsumoto, matsumoto) w/ bloodthirsty butchers, tsubakiya shijyuso, beagles
11quattro (nagoya, nagoya) w/ bloodthirsty butchers, the band apart, mock orange
09the wall (taipei, taipei) w/ hindsight 20/20
october 2004
16mercury lounge (new york city, ny) cmj w/ low, the thermals, the helio sequence, frausdots, sam jayne
august 2004
21mercury lounge (new york city, ny) w/ sea ray, the everyones, and the mobius band
may 2004
21the wiltern theatre (los angeles, ca) w/ death cab for cutie
12the avenue (grand rapids, mi) w/ m. sword, cain &amp; abel
12commons lawn @ calvin college (grand rapids, mi) w/ anathello, m. sword, saxon shore
april 2004
02macrock festival (harrisonburg, va) w/ pedro the lion, mates of state, etc.
march 2004
29beachland tavern (cleveland, oh) w/ 9 volt hanuted house, self-destruct button
28bottom lounge (chicago, il) w/ aveo
27mississippi nights (st. louis, mo) w/ death cab for cutie and ben kweller
26eagles club / the rave (milwaukee, wi) w/ ben kweller and death cab for cutie
25first avenue (minneapolis, mn) w/ death cab for cutie and ben kweller
24sokol auditorium (omaha, ne) w/ death cab for cutie and ben kweller
23gothic theatre (denver, co) w/ death cab for cutie
22in the venue (salt lake city, ut) w/ death cab for cutie
21the big easy (boise, id) w/ death cab for cutie
18DIW party at emo's (austin, tx) w/ denali, american analog set, hidden cameras, stars, etc.
18absolutely kosher showcase at friends (austin, tx) w/ the wrens, the court and spark, frog eyes, etc.
17the caucus club (austin, tx) w/ swearing at motorists, experimental aircraft
16mermaid lounge (new orleans, la) w/ gogogo airheart and kilowatt hours
15common grounds (gainesville, fl) w/ summer hymns and delorean
14village tavern (mt. pleasant, sc) w/ the rosebuds and the honorary title
13tokyo rose (charlottesville, va) w/ the comas and the parlour scouts
12go room 4 (chapel hill, nc) w/ the comas
11iota (arlington, va) w/ zetamale/delegate
february 2004
29berbati's pan (portland, or) w/ the stills
28indigo district (eugene, or) w/ the washdown and orange
27sunset tavern (seattle, wa) w/ smoke &amp; smoke and the new mexicans
25thee parkside (san francisco, ca) noise pop w/ the elected, frank jordan and laguardia
24spaceland (los angeles, ca) w/ whysall lane, things explode and kite eating tree
23westwood plaza @ ucla (los angeles, ca) 
13donovan's pub @ colgate university (hamilton, ny) w/ el guapo
12coral room (new york, ny) w/ the hong kong and infirm glory
06northsix (brooklyn, ny) w/ denali, medications, the shout out louds
december 2003
06talking head (baltimore, md) w/ the jaded set, road to croatan
05village tavern (mt. pleasant, sc) w/ tracy shedd
04will's pub (orlando, fl) w/ landing on land
03respectable street (w. palm beach, fl) w/ whirlaway, tracy shedd
02common grounds (gainesville, fl) w/ anna oxygen
01new brookland tavern (w. columbia, sc) 
november 2003
30the end (nashville, tn) w/ the sincerity guild
29red 16 (columbus, oh) w/ tiara, kopaz
15mohawk place (buffalo, ny) w/ kiddo, the gunshy, the missing planes
14lager house (detroit, mi) w/ slumber party, a thousand times yes
13schuba's (chicago, il) w/ written in the sand, .22
12rudyard kipling house (louisville, ky) w/ red tailed hawk
11echo lounge (atlanta, ga) w/ singapore sling, graves brothers deluxe
10go rehearsal room 4 (chapel hill, nc) w/ disband
09black cat (washington, dc) w/ the wrens
08knitting factory (new york city, ny) w/ magnolia electric co./songs:ohia, the wrens, true love always
07tt the bear's (boston, ma) w/ magnolia electric co./songs:ohia, the wrens, the 99
october 2003
22luna lounge (new york city, ny) teenbeat cmj showcase w/ mark robinson/true love always, the pacific ocean, tracy shedd, aden, hollAnd, and sisterhood of convoluted thinkers
18mercury lounge (new york city, ny) record release show w/ the wrens, palomar, twinemen
september 2003
27northsix (brooklyn, ny) w/ luna
july 2003
09mercury lounge (nyc, ny) w/ lake trout, the izzys, and butterfly boucher
may 2003
14tokyo rose (charlottesville, va) w/ the comas and inches to flood
13go rehearsal room 4 (chapel hill, nc) w/ jason loewenstein and the comas
12mjq (atlanta, ga) w/ sterling and the comas
11mermaid lounge (new orleans, la) w/ girl distraction
09emo's (austin, tx) w/ experimental aircraft and rhythm of black lines and proem
08rubber gloves (denton, tx) w/ andy schroeder
07jr's lightbulb club (fayetteville, ar) w/ the stereo
06slow bar (nashville, tn) w/ jason loewenstein and the damnwells
05radio cherokee (st. louis, mo) w/ the graduation
04southgate house (cincinnati, oh) w/ readymaid and viewfinder
03small's (detroit, mi) w/ ozma
02the rivoli [ over the top festival ] (toronto, on) w/ the bicycles and the reputation and baron samedi esq.
01downstairs cafŽ at bennington college (bennington, vt) w/ mercury program and chin up chin up
april 2003
30tt the bear's (boston, ma) w/ mercury program and chin up chin up
29north six (brooklyn, ny) w/ mercury program and chin up chin up28grog shop (cleveland, oh) w/ the anniversary
27the abbey (chicago, il) w/ jason loewenstein and atomicbombpocketknife and peelers
26rudyard kipling house (louisville, ky) w/ jason loewenstein and picastro
25the brick (kansas city, mo) w/ jason loewenstein
24larimer lounge (denver, co) w/ jason loewenstein
22the casbah (san diego, ca) w/ w/ versus and jason loewenstein
21the troubadour (los angeles, ca) w/ versus and jason loewenstein
20great american music hall (san francisco, ca) w/ versus and jason loewenstein
19old ironsides (sacramento, ca) w/ versus and jason loewenstein
18blackbird (portland, or) w/ versus and jason loewenstein
17crocodile cafŽ (seattle, wa) w/ versus and jason loewenstein
14400 bar (minneapolis, mn) w/ jason loewenstein
13cactus club (milwaukee, wi) w/ versa
march 2003
05pianos (158 ludlow @ stanton) (nyc, ny) new york underground film festival
february 2003
21black cat (washington, dc) teenbeat anniversary
19north six (brooklyn, ny) w/ flin flon &amp; the forms
16mikly way lounge (boston, ma) 
15casa del popolo (montreal, qu) w/ marlowe &amp; white mud freeway
14el mocambo (toronto, on) wavelength 150 festival
january 2003
11the abbey (chicago il, ) w/ versus and redline
10magic stick (detroit mi, ) w/ versus and the seconds
04bowery ballroom (nyc ny, ) w/ versus and calla
october 2002
31luna lounge (new york city, ny) teenbeat cmj showcase w/ flin flon, aden, hot pursuit, the pacific ocean, true love always, currituck co., pocket rockets
19rudy's (new haven, ct) 
18middle east upstairs (boston, ma) w/ mary timony
16tequila lounge (toronto, on) 
15bug jar (rochester, ny) w/ the detachment kit, ill lit
13lager house (detroit, mi) 
12the abbey (chicago, il) 
11cactus club (milwaukee, wi) 
10the hurricane (kansas city, mo) w/ the autumn state
09bluebird theatre (denver, co) w/ of montreal
08kilby court (salt lake city, ut) 
07jay's upstairs (missoula, mt) 
05le voyeur (olympia, wa) 
04reed college (portland, or) w/ emily sparks, seana carmody
03crocodile cafŽ (seattle, wa) w/ sarah shannon, emily sparks, seana carmody
01bottom of the hill (san francisco, ca) w/ ee and emily sparks
september 2002
30spaceland (los angeles, ca) w/ moving units, mistlethrush (FREE SHOW! show up early!)
29knitting factory la alterknit (los angeles, ca) w/ emily sparks, seana carmody
28z pie (san luis obispo, ca) 
27club xanth (san diego, ca) 
26modified (phoenix, az) w/ inner, bellini
25hotel congress (tucson, az) w/ vhs or beta, red switch
24wildhare's (el paso, tx) w/ brazilla
23emo's (austin, tx) w/ emily sparks, sean carmody, the reputation, subset
22el matador (new orleans, la) w/ radio 4
21the earl (atlanta, ga) w/ popad, the yum yum tree
20go rehearsal (chapel hill, nc) w/ the comas
july 2002
06chop suey (seattle, wa) w/ whysall lane
05disjecta gallery (portland, or) w/ whysall lane
04the hemlock tavern (san francisco, ca) w/ whysall lane
june 2002
15mercury lounge (new york, ny) w/ britt daniel (spoon) &amp; western keys
may 2002
26the lager house (detroit, mi) w/ spokane and baby ambassador
25the abbey (chicago, il) w/ frisbie, the salteens, mink lungs and manplanet
24electric earth w/ valet and the supersound (madison, wi) 
23bernie's (columbus, oh) w/ tiara
22the earl (altanta, ga) w/ clairvoyants and secret machines
21the imperial lounge (jacksonville, fl) w/ julius airwave and audio explorations
20hole in the wall (richmond, va) w/ clairvoyants
19the fire (philadelphia, pa) w/ audio learning center, cancer consipiracy, and clairvoyants
18mohawk place (buffalo, ny) w/ track star and the gifted children
17middle east upstairs (boston, ma) w/ lockgroove, track star and kimone
march 2002
21knitting factory (nyc, ny) stlpda record release w/ aden and mark robinson
13rehab lounge (austin, tx) sxsw w/ charlene, tracy shedd, and audio explorations
02bottom of the hill (san francisco, ca) noisepop 2002 w/ versus, fiver, and vervein
february 2002
22black cat (washington, dc) teenbeat anniversary show w/ aden, flin flon, etc.
18northsix (brooklyn, ny) w/ the good life, azure ray and clairvoyants
january 2002
31brownies (nyc, ny) w/ owen, kyle fischer (rainer maria) and so 'lil
december 2001
11maxwell's (hoboken, nj) w/ yo la tengo and upright citizen's brigade
05luxx (brooklyn, ny) w/ currituck co., the midlands, and skywave
november 2001
11the khyber (philadelphia, pa) w/ trackstar and chubby
03maxwell's (hoboken, nj) w/ fugu and mark robinson
october 2001
29brownies (nyc, ny) w/ true love always, hot pursuit, and california stadium
28black cat (washington, dc) w/ true love always and hot pursuit
273rd floor on princess (wilmington, nc) w/ true love always and hot pursuit
13cbgb (nyc, ny) teenbeat cmj showcase
august 2001
10brownies (nyc, ny) w/ the national and madison battery
june 2001
21cbgb (nyc, ny) w/ true love always, burnside project, and utah!